29-Sep-2019 19:53:33.470 INFO [main] org.apache.catalina.startup.VersionLoggerListener.log Server version name:   Apache Tomcat/9.0.21
29-Sep-2019 19:53:33.472 INFO [main] org.apache.catalina.startup.VersionLoggerListener.log Server built:          Jun 4 2019 20:19:36 UTC
29-Sep-2019 19:53:33.472 INFO [main] org.apache.catalina.startup.VersionLoggerListener.log Server version number: 9.0.21.0
29-Sep-2019 19:53:33.472 INFO [main] org.apache.catalina.startup.VersionLoggerListener.log OS Name:               Linux
29-Sep-2019 19:53:33.473 INFO [main] org.apache.catalina.startup.VersionLoggerListener.log OS Version:            3.10.0-957.27.2.el7.x86_64
29-Sep-2019 19:53:33.473 INFO [main] org.apache.catalina.startup.VersionLoggerListener.log Architecture:          amd64
29-Sep-2019 19:53:33.473 INFO [main] org.apache.catalina.startup.VersionLoggerListener.log Java Home:             /usr/lib/jvm/java-1.8.0-openjdk-1.8.0.222.b10-0.el7_6.x86_64/jre
29-Sep-2019 19:53:33.473 INFO [main] org.apache.catalina.startup.VersionLoggerListener.log JVM Version:           1.8.0_222-b10
29-Sep-2019 19:53:33.476 INFO [main] org.apache.catalina.startup.VersionLoggerListener.log JVM Vendor:            Oracle Corporation
29-Sep-2019 19:53:33.476 INFO [main] org.apache.catalina.startup.VersionLoggerListener.log CATALINA_BASE:         /root/tomcat9-docker/docker-infrastructure/docker-infrastructure/tomcat9
29-Sep-2019 19:53:33.476 INFO [main] org.apache.catalina.startup.VersionLoggerListener.log CATALINA_HOME:         /root/tomcat9-docker/docker-infrastructure/docker-infrastructure/tomcat9
29-Sep-2019 19:53:33.588 INFO [main] org.apache.catalina.startup.VersionLoggerListener.log Command line argument: -Djava.util.logging.config.file=/root/tomcat9-docker/docker-infrastructure/docker-infrastructure/tomcat9/conf/logging.properties
29-Sep-2019 19:53:33.588 INFO [main] org.apache.catalina.startup.VersionLoggerListener.log Command line argument: -Djava.util.logging.manager=org.apache.juli.ClassLoaderLogManager
29-Sep-2019 19:53:33.588 INFO [main] org.apache.catalina.startup.VersionLoggerListener.log Command line argument: -Djdk.tls.ephemeralDHKeySize=2048
29-Sep-2019 19:53:33.589 INFO [main] org.apache.catalina.startup.VersionLoggerListener.log Command line argument: -Djava.protocol.handler.pkgs=org.apache.catalina.webresources
29-Sep-2019 19:53:33.589 INFO [main] org.apache.catalina.startup.VersionLoggerListener.log Command line argument: -Dorg.apache.catalina.security.SecurityListener.UMASK=0027
29-Sep-2019 19:53:33.589 INFO [main] org.apache.catalina.startup.VersionLoggerListener.log Command line argument: -Dignore.endorsed.dirs=
29-Sep-2019 19:53:33.589 INFO [main] org.apache.catalina.startup.VersionLoggerListener.log Command line argument: -Dcatalina.base=/root/tomcat9-docker/docker-infrastructure/docker-infrastructure/tomcat9
29-Sep-2019 19:53:33.589 INFO [main] org.apache.catalina.startup.VersionLoggerListener.log Command line argument: -Dcatalina.home=/root/tomcat9-docker/docker-infrastructure/docker-infrastructure/tomcat9
29-Sep-2019 19:53:33.589 INFO [main] org.apache.catalina.startup.VersionLoggerListener.log Command line argument: -Djava.io.tmpdir=/root/tomcat9-docker/docker-infrastructure/docker-infrastructure/tomcat9/temp
29-Sep-2019 19:53:33.589 INFO [main] org.apache.catalina.core.AprLifecycleListener.lifecycleEvent The APR based Apache Tomcat Native library which allows optimal performance in production environments was not found on the java.library.path: [/usr/java/packages/lib/amd64:/usr/lib64:/lib64:/lib:/usr/lib]
29-Sep-2019 19:53:34.511 INFO [main] org.apache.coyote.AbstractProtocol.init Initializing ProtocolHandler ["http-nio-8080"]
29-Sep-2019 19:53:34.545 SEVERE [main] org.apache.catalina.util.LifecycleBase.handleSubClassException Failed to initialize component [Connector[HTTP/1.1-8080]]
	org.apache.catalina.LifecycleException: Protocol handler initialization failed
		at org.apache.catalina.connector.Connector.initInternal(Connector.java:983)
		at org.apache.catalina.util.LifecycleBase.init(LifecycleBase.java:136)
		at org.apache.catalina.core.StandardService.initInternal(StandardService.java:533)
		at org.apache.catalina.util.LifecycleBase.init(LifecycleBase.java:136)
		at org.apache.catalina.core.StandardServer.initInternal(StandardServer.java:1059)
		at org.apache.catalina.util.LifecycleBase.init(LifecycleBase.java:136)
		at org.apache.catalina.startup.Catalina.load(Catalina.java:584)
		at org.apache.catalina.startup.Catalina.load(Catalina.java:607)
		at sun.reflect.NativeMethodAccessorImpl.invoke0(Native Method)
		at sun.reflect.NativeMethodAccessorImpl.invoke(NativeMethodAccessorImpl.java:62)
		at sun.reflect.DelegatingMethodAccessorImpl.invoke(DelegatingMethodAccessorImpl.java:43)
		at java.lang.reflect.Method.invoke(Method.java:498)
		at org.apache.catalina.startup.Bootstrap.load(Bootstrap.java:304)
		at org.apache.catalina.startup.Bootstrap.main(Bootstrap.java:474)
	Caused by: java.net.BindException: Address already in use
		at sun.nio.ch.Net.bind0(Native Method)
		at sun.nio.ch.Net.bind(Net.java:433)
		at sun.nio.ch.Net.bind(Net.java:425)
		at sun.nio.ch.ServerSocketChannelImpl.bind(ServerSocketChannelImpl.java:223)
		at sun.nio.ch.ServerSocketAdaptor.bind(ServerSocketAdaptor.java:74)
		at org.apache.tomcat.util.net.NioEndpoint.initServerSocket(NioEndpoint.java:230)
		at org.apache.tomcat.util.net.NioEndpoint.bind(NioEndpoint.java:213)
		at org.apache.tomcat.util.net.AbstractEndpoint.bindWithCleanup(AbstractEndpoint.java:1124)
		at org.apache.tomcat.util.net.AbstractEndpoint.init(AbstractEndpoint.java:1137)
		at org.apache.coyote.AbstractProtocol.init(AbstractProtocol.java:574)
		at org.apache.coyote.http11.AbstractHttp11Protocol.init(AbstractHttp11Protocol.java:74)
		at org.apache.catalina.connector.Connector.initInternal(Connector.java:980)
		... 13 more
29-Sep-2019 19:53:34.547 INFO [main] org.apache.coyote.AbstractProtocol.init Initializing ProtocolHandler ["ajp-nio-8009"]
29-Sep-2019 19:53:34.576 INFO [main] org.apache.catalina.startup.Catalina.load Server initialization in [1,330] milliseconds
29-Sep-2019 19:53:34.636 INFO [main] org.apache.catalina.core.StandardService.startInternal Starting service [Catalina]
29-Sep-2019 19:53:34.637 INFO [main] org.apache.catalina.core.StandardEngine.startInternal Starting Servlet engine: [Apache Tomcat/9.0.21]
29-Sep-2019 19:53:34.679 INFO [main] org.apache.catalina.startup.HostConfig.deployWAR Deploying web application archive [/root/tomcat9-docker/docker-infrastructure/docker-infrastructure/tomcat9/webapps/SampleWebApp.war]
29-Sep-2019 19:53:35.276 INFO [main] org.apache.jasper.servlet.TldScanner.scanJars At least one JAR was scanned for TLDs yet contained no TLDs. Enable debug logging for this logger for a complete list of JARs that were scanned but no TLDs were found in them. Skipping unneeded JARs during scanning can improve startup time and JSP compilation time.
29-Sep-2019 19:53:35.341 INFO [main] org.apache.catalina.startup.HostConfig.deployWAR Deployment of web application archive [/root/tomcat9-docker/docker-infrastructure/docker-infrastructure/tomcat9/webapps/SampleWebApp.war] has finished in [663] ms
29-Sep-2019 19:53:35.342 INFO [main] org.apache.catalina.startup.HostConfig.deployDirectory Deploying web application directory [/root/tomcat9-docker/docker-infrastructure/docker-infrastructure/tomcat9/webapps/ROOT]
29-Sep-2019 19:53:35.487 INFO [main] org.apache.jasper.servlet.TldScanner.scanJars At least one JAR was scanned for TLDs yet contained no TLDs. Enable debug logging for this logger for a complete list of JARs that were scanned but no TLDs were found in them. Skipping unneeded JARs during scanning can improve startup time and JSP compilation time.
29-Sep-2019 19:53:35.489 INFO [main] org.apache.catalina.startup.HostConfig.deployDirectory Deployment of web application directory [/root/tomcat9-docker/docker-infrastructure/docker-infrastructure/tomcat9/webapps/ROOT] has finished in [146] ms
29-Sep-2019 19:53:35.489 INFO [main] org.apache.catalina.startup.HostConfig.deployDirectory Deploying web application directory [/root/tomcat9-docker/docker-infrastructure/docker-infrastructure/tomcat9/webapps/docs]
29-Sep-2019 19:53:35.613 INFO [main] org.apache.jasper.servlet.TldScanner.scanJars At least one JAR was scanned for TLDs yet contained no TLDs. Enable debug logging for this logger for a complete list of JARs that were scanned but no TLDs were found in them. Skipping unneeded JARs during scanning can improve startup time and JSP compilation time.
29-Sep-2019 19:53:35.615 INFO [main] org.apache.catalina.startup.HostConfig.deployDirectory Deployment of web application directory [/root/tomcat9-docker/docker-infrastructure/docker-infrastructure/tomcat9/webapps/docs] has finished in [126] ms
29-Sep-2019 19:53:35.615 INFO [main] org.apache.catalina.startup.HostConfig.deployDirectory Deploying web application directory [/root/tomcat9-docker/docker-infrastructure/docker-infrastructure/tomcat9/webapps/examples]
29-Sep-2019 19:53:35.869 INFO [main] org.apache.jasper.servlet.TldScanner.scanJars At least one JAR was scanned for TLDs yet contained no TLDs. Enable debug logging for this logger for a complete list of JARs that were scanned but no TLDs were found in them. Skipping unneeded JARs during scanning can improve startup time and JSP compilation time.
29-Sep-2019 19:53:35.909 INFO [main] org.apache.catalina.startup.HostConfig.deployDirectory Deployment of web application directory [/root/tomcat9-docker/docker-infrastructure/docker-infrastructure/tomcat9/webapps/examples] has finished in [293] ms
29-Sep-2019 19:53:35.909 INFO [main] org.apache.catalina.startup.HostConfig.deployDirectory Deploying web application directory [/root/tomcat9-docker/docker-infrastructure/docker-infrastructure/tomcat9/webapps/host-manager]
29-Sep-2019 19:53:36.012 INFO [main] org.apache.jasper.servlet.TldScanner.scanJars At least one JAR was scanned for TLDs yet contained no TLDs. Enable debug logging for this logger for a complete list of JARs that were scanned but no TLDs were found in them. Skipping unneeded JARs during scanning can improve startup time and JSP compilation time.
29-Sep-2019 19:53:36.017 INFO [main] org.apache.catalina.startup.HostConfig.deployDirectory Deployment of web application directory [/root/tomcat9-docker/docker-infrastructure/docker-infrastructure/tomcat9/webapps/host-manager] has finished in [108] ms
29-Sep-2019 19:53:36.017 INFO [main] org.apache.catalina.startup.HostConfig.deployDirectory Deploying web application directory [/root/tomcat9-docker/docker-infrastructure/docker-infrastructure/tomcat9/webapps/manager]
29-Sep-2019 19:53:36.130 INFO [main] org.apache.jasper.servlet.TldScanner.scanJars At least one JAR was scanned for TLDs yet contained no TLDs. Enable debug logging for this logger for a complete list of JARs that were scanned but no TLDs were found in them. Skipping unneeded JARs during scanning can improve startup time and JSP compilation time.
29-Sep-2019 19:53:36.132 INFO [main] org.apache.catalina.startup.HostConfig.deployDirectory Deployment of web application directory [/root/tomcat9-docker/docker-infrastructure/docker-infrastructure/tomcat9/webapps/manager] has finished in [115] ms
29-Sep-2019 19:53:36.136 INFO [main] org.apache.coyote.AbstractProtocol.start Starting ProtocolHandler ["ajp-nio-8009"]
29-Sep-2019 19:53:36.151 INFO [main] org.apache.catalina.startup.Catalina.start Server startup in [1,574] milliseconds
29-Sep-2019 20:09:06.334 INFO [Catalina-utility-1] org.apache.catalina.startup.HostConfig.undeploy Undeploying context []
29-Sep-2019 20:09:06.349 INFO [Catalina-utility-1] org.apache.catalina.startup.HostConfig.undeploy Undeploying context [/examples]
29-Sep-2019 20:09:06.356 INFO [Catalina-utility-1] org.apache.catalina.startup.HostConfig.undeploy Undeploying context [/host-manager]
29-Sep-2019 20:09:06.361 INFO [Catalina-utility-1] org.apache.catalina.startup.HostConfig.undeploy Undeploying context [/SampleWebApp]
29-Sep-2019 20:09:06.367 INFO [Catalina-utility-1] org.apache.catalina.startup.HostConfig.undeploy Undeploying context [/manager]
29-Sep-2019 20:09:06.373 INFO [Catalina-utility-1] org.apache.catalina.startup.HostConfig.undeploy Undeploying context [/docs]
29-Sep-2019 20:09:06.378 INFO [Catalina-utility-1] org.apache.catalina.startup.HostConfig.deployWAR Deploying web application archive [/root/tomcat9-docker/docker-infrastructure/docker-infrastructure/tomcat9/webapps/SampleWebApp.war]
29-Sep-2019 20:09:06.494 INFO [Catalina-utility-1] org.apache.jasper.servlet.TldScanner.scanJars At least one JAR was scanned for TLDs yet contained no TLDs. Enable debug logging for this logger for a complete list of JARs that were scanned but no TLDs were found in them. Skipping unneeded JARs during scanning can improve startup time and JSP compilation time.
29-Sep-2019 20:09:06.498 INFO [Catalina-utility-1] org.apache.catalina.startup.HostConfig.deployWAR Deployment of web application archive [/root/tomcat9-docker/docker-infrastructure/docker-infrastructure/tomcat9/webapps/SampleWebApp.war] has finished in [119] ms
29-Sep-2019 20:09:06.498 INFO [Catalina-utility-1] org.apache.catalina.startup.HostConfig.deployDirectory Deploying web application directory [/root/tomcat9-docker/docker-infrastructure/docker-infrastructure/tomcat9/webapps/ROOT]
29-Sep-2019 20:09:06.591 INFO [Catalina-utility-1] org.apache.jasper.servlet.TldScanner.scanJars At least one JAR was scanned for TLDs yet contained no TLDs. Enable debug logging for this logger for a complete list of JARs that were scanned but no TLDs were found in them. Skipping unneeded JARs during scanning can improve startup time and JSP compilation time.
29-Sep-2019 20:09:06.594 INFO [Catalina-utility-1] org.apache.catalina.startup.HostConfig.deployDirectory Deployment of web application directory [/root/tomcat9-docker/docker-infrastructure/docker-infrastructure/tomcat9/webapps/ROOT] has finished in [96] ms
29-Sep-2019 20:09:06.594 INFO [Catalina-utility-1] org.apache.catalina.startup.HostConfig.deployDirectory Deploying web application directory [/root/tomcat9-docker/docker-infrastructure/docker-infrastructure/tomcat9/webapps/docs]
29-Sep-2019 20:09:06.731 INFO [Catalina-utility-1] org.apache.jasper.servlet.TldScanner.scanJars At least one JAR was scanned for TLDs yet contained no TLDs. Enable debug logging for this logger for a complete list of JARs that were scanned but no TLDs were found in them. Skipping unneeded JARs during scanning can improve startup time and JSP compilation time.
29-Sep-2019 20:09:06.734 INFO [Catalina-utility-1] org.apache.catalina.startup.HostConfig.deployDirectory Deployment of web application directory [/root/tomcat9-docker/docker-infrastructure/docker-infrastructure/tomcat9/webapps/docs] has finished in [139] ms
29-Sep-2019 20:09:06.734 INFO [Catalina-utility-1] org.apache.catalina.startup.HostConfig.deployDirectory Deploying web application directory [/root/tomcat9-docker/docker-infrastructure/docker-infrastructure/tomcat9/webapps/examples]
29-Sep-2019 20:09:06.921 INFO [Catalina-utility-1] org.apache.jasper.servlet.TldScanner.scanJars At least one JAR was scanned for TLDs yet contained no TLDs. Enable debug logging for this logger for a complete list of JARs that were scanned but no TLDs were found in them. Skipping unneeded JARs during scanning can improve startup time and JSP compilation time.
29-Sep-2019 20:09:06.941 INFO [Catalina-utility-1] org.apache.catalina.startup.HostConfig.deployDirectory Deployment of web application directory [/root/tomcat9-docker/docker-infrastructure/docker-infrastructure/tomcat9/webapps/examples] has finished in [207] ms
29-Sep-2019 20:09:06.942 INFO [Catalina-utility-1] org.apache.catalina.startup.HostConfig.deployDirectory Deploying web application directory [/root/tomcat9-docker/docker-infrastructure/docker-infrastructure/tomcat9/webapps/host-manager]
29-Sep-2019 20:09:07.043 INFO [Catalina-utility-1] org.apache.jasper.servlet.TldScanner.scanJars At least one JAR was scanned for TLDs yet contained no TLDs. Enable debug logging for this logger for a complete list of JARs that were scanned but no TLDs were found in them. Skipping unneeded JARs during scanning can improve startup time and JSP compilation time.
29-Sep-2019 20:09:07.046 INFO [Catalina-utility-1] org.apache.catalina.startup.HostConfig.deployDirectory Deployment of web application directory [/root/tomcat9-docker/docker-infrastructure/docker-infrastructure/tomcat9/webapps/host-manager] has finished in [103] ms
29-Sep-2019 20:09:07.046 INFO [Catalina-utility-1] org.apache.catalina.startup.HostConfig.deployDirectory Deploying web application directory [/root/tomcat9-docker/docker-infrastructure/docker-infrastructure/tomcat9/webapps/manager]
29-Sep-2019 20:09:07.154 INFO [Catalina-utility-1] org.apache.jasper.servlet.TldScanner.scanJars At least one JAR was scanned for TLDs yet contained no TLDs. Enable debug logging for this logger for a complete list of JARs that were scanned but no TLDs were found in them. Skipping unneeded JARs during scanning can improve startup time and JSP compilation time.
29-Sep-2019 20:09:07.157 INFO [Catalina-utility-1] org.apache.catalina.startup.HostConfig.deployDirectory Deployment of web application directory [/root/tomcat9-docker/docker-infrastructure/docker-infrastructure/tomcat9/webapps/manager] has finished in [111] ms
29-Sep-2019 20:11:07.680 INFO [Catalina-utility-1] org.apache.catalina.startup.HostConfig.undeploy Undeploying context [/SampleWebApp]
29-Sep-2019 20:11:07.689 INFO [Catalina-utility-1] org.apache.catalina.startup.HostConfig.deployWAR Deploying web application archive [/root/tomcat9-docker/docker-infrastructure/docker-infrastructure/tomcat9/webapps/studentapp.war]
29-Sep-2019 20:11:07.836 INFO [Catalina-utility-1] org.apache.jasper.servlet.TldScanner.scanJars At least one JAR was scanned for TLDs yet contained no TLDs. Enable debug logging for this logger for a complete list of JARs that were scanned but no TLDs were found in them. Skipping unneeded JARs during scanning can improve startup time and JSP compilation time.
29-Sep-2019 20:11:07.848 INFO [Catalina-utility-1] org.apache.catalina.startup.HostConfig.deployWAR Deployment of web application archive [/root/tomcat9-docker/docker-infrastructure/docker-infrastructure/tomcat9/webapps/studentapp.war] has finished in [160] ms
29-Sep-2019 20:12:34.525 INFO [main] org.apache.catalina.core.StandardServer.await A valid shutdown command was received via the shutdown port. Stopping the Server instance.
29-Sep-2019 20:12:34.525 INFO [main] org.apache.coyote.AbstractProtocol.pause Pausing ProtocolHandler ["http-nio-8080"]
29-Sep-2019 20:12:34.525 INFO [main] org.apache.coyote.AbstractProtocol.pause Pausing ProtocolHandler ["ajp-nio-8009"]
29-Sep-2019 20:12:34.555 INFO [main] org.apache.catalina.core.StandardService.stopInternal Stopping service [Catalina]
29-Sep-2019 20:12:34.594 INFO [1] org.apache.coyote.AbstractProtocol.stop Stopping ProtocolHandler ["ajp-nio-8009"]
29-Sep-2019 20:12:34.599 INFO [1] org.apache.coyote.AbstractProtocol.stop Stopping ProtocolHandler ["http-nio-8080"]
29-Sep-2019 20:12:34.599 INFO [1] org.apache.coyote.AbstractProtocol.destroy Destroying ProtocolHandler ["http-nio-8080"]
29-Sep-2019 20:12:34.599 INFO [1] org.apache.coyote.AbstractProtocol.destroy Destroying ProtocolHandler ["ajp-nio-8009"]
29-Sep-2019 20:12:47.872 INFO [main] org.apache.catalina.startup.VersionLoggerListener.log Server version name:   Apache Tomcat/9.0.21
29-Sep-2019 20:12:47.875 INFO [main] org.apache.catalina.startup.VersionLoggerListener.log Server built:          Jun 4 2019 20:19:36 UTC
29-Sep-2019 20:12:47.875 INFO [main] org.apache.catalina.startup.VersionLoggerListener.log Server version number: 9.0.21.0
29-Sep-2019 20:12:47.875 INFO [main] org.apache.catalina.startup.VersionLoggerListener.log OS Name:               Linux
29-Sep-2019 20:12:47.876 INFO [main] org.apache.catalina.startup.VersionLoggerListener.log OS Version:            3.10.0-957.27.2.el7.x86_64
29-Sep-2019 20:12:47.876 INFO [main] org.apache.catalina.startup.VersionLoggerListener.log Architecture:          amd64
29-Sep-2019 20:12:47.876 INFO [main] org.apache.catalina.startup.VersionLoggerListener.log Java Home:             /usr/lib/jvm/java-1.8.0-openjdk-1.8.0.222.b10-0.el7_6.x86_64/jre
29-Sep-2019 20:12:47.876 INFO [main] org.apache.catalina.startup.VersionLoggerListener.log JVM Version:           1.8.0_222-b10
29-Sep-2019 20:12:47.876 INFO [main] org.apache.catalina.startup.VersionLoggerListener.log JVM Vendor:            Oracle Corporation
29-Sep-2019 20:12:47.876 INFO [main] org.apache.catalina.startup.VersionLoggerListener.log CATALINA_BASE:         /root/tomcat9-docker/docker-infrastructure/docker-infrastructure/tomcat9
29-Sep-2019 20:12:47.876 INFO [main] org.apache.catalina.startup.VersionLoggerListener.log CATALINA_HOME:         /root/tomcat9-docker/docker-infrastructure/docker-infrastructure/tomcat9
29-Sep-2019 20:12:47.878 INFO [main] org.apache.catalina.startup.VersionLoggerListener.log Command line argument: -Djava.util.logging.config.file=/root/tomcat9-docker/docker-infrastructure/docker-infrastructure/tomcat9/conf/logging.properties
29-Sep-2019 20:12:47.878 INFO [main] org.apache.catalina.startup.VersionLoggerListener.log Command line argument: -Djava.util.logging.manager=org.apache.juli.ClassLoaderLogManager
29-Sep-2019 20:12:47.878 INFO [main] org.apache.catalina.startup.VersionLoggerListener.log Command line argument: -Djdk.tls.ephemeralDHKeySize=2048
29-Sep-2019 20:12:47.878 INFO [main] org.apache.catalina.startup.VersionLoggerListener.log Command line argument: -Djava.protocol.handler.pkgs=org.apache.catalina.webresources
29-Sep-2019 20:12:47.878 INFO [main] org.apache.catalina.startup.VersionLoggerListener.log Command line argument: -Dorg.apache.catalina.security.SecurityListener.UMASK=0027
29-Sep-2019 20:12:47.879 INFO [main] org.apache.catalina.startup.VersionLoggerListener.log Command line argument: -Dignore.endorsed.dirs=
29-Sep-2019 20:12:47.879 INFO [main] org.apache.catalina.startup.VersionLoggerListener.log Command line argument: -Dcatalina.base=/root/tomcat9-docker/docker-infrastructure/docker-infrastructure/tomcat9
29-Sep-2019 20:12:47.879 INFO [main] org.apache.catalina.startup.VersionLoggerListener.log Command line argument: -Dcatalina.home=/root/tomcat9-docker/docker-infrastructure/docker-infrastructure/tomcat9
29-Sep-2019 20:12:47.879 INFO [main] org.apache.catalina.startup.VersionLoggerListener.log Command line argument: -Djava.io.tmpdir=/root/tomcat9-docker/docker-infrastructure/docker-infrastructure/tomcat9/temp
29-Sep-2019 20:12:47.879 INFO [main] org.apache.catalina.core.AprLifecycleListener.lifecycleEvent The APR based Apache Tomcat Native library which allows optimal performance in production environments was not found on the java.library.path: [/usr/java/packages/lib/amd64:/usr/lib64:/lib64:/lib:/usr/lib]
29-Sep-2019 20:12:48.281 INFO [main] org.apache.coyote.AbstractProtocol.init Initializing ProtocolHandler ["http-nio-8080"]
29-Sep-2019 20:12:48.298 SEVERE [main] org.apache.catalina.util.LifecycleBase.handleSubClassException Failed to initialize component [Connector[HTTP/1.1-8080]]
	org.apache.catalina.LifecycleException: Protocol handler initialization failed
		at org.apache.catalina.connector.Connector.initInternal(Connector.java:983)
		at org.apache.catalina.util.LifecycleBase.init(LifecycleBase.java:136)
		at org.apache.catalina.core.StandardService.initInternal(StandardService.java:533)
		at org.apache.catalina.util.LifecycleBase.init(LifecycleBase.java:136)
		at org.apache.catalina.core.StandardServer.initInternal(StandardServer.java:1059)
		at org.apache.catalina.util.LifecycleBase.init(LifecycleBase.java:136)
		at org.apache.catalina.startup.Catalina.load(Catalina.java:584)
		at org.apache.catalina.startup.Catalina.load(Catalina.java:607)
		at sun.reflect.NativeMethodAccessorImpl.invoke0(Native Method)
		at sun.reflect.NativeMethodAccessorImpl.invoke(NativeMethodAccessorImpl.java:62)
		at sun.reflect.DelegatingMethodAccessorImpl.invoke(DelegatingMethodAccessorImpl.java:43)
		at java.lang.reflect.Method.invoke(Method.java:498)
		at org.apache.catalina.startup.Bootstrap.load(Bootstrap.java:304)
		at org.apache.catalina.startup.Bootstrap.main(Bootstrap.java:474)
	Caused by: java.net.BindException: Address already in use
		at sun.nio.ch.Net.bind0(Native Method)
		at sun.nio.ch.Net.bind(Net.java:433)
		at sun.nio.ch.Net.bind(Net.java:425)
		at sun.nio.ch.ServerSocketChannelImpl.bind(ServerSocketChannelImpl.java:223)
		at sun.nio.ch.ServerSocketAdaptor.bind(ServerSocketAdaptor.java:74)
		at org.apache.tomcat.util.net.NioEndpoint.initServerSocket(NioEndpoint.java:230)
		at org.apache.tomcat.util.net.NioEndpoint.bind(NioEndpoint.java:213)
		at org.apache.tomcat.util.net.AbstractEndpoint.bindWithCleanup(AbstractEndpoint.java:1124)
		at org.apache.tomcat.util.net.AbstractEndpoint.init(AbstractEndpoint.java:1137)
		at org.apache.coyote.AbstractProtocol.init(AbstractProtocol.java:574)
		at org.apache.coyote.http11.AbstractHttp11Protocol.init(AbstractHttp11Protocol.java:74)
		at org.apache.catalina.connector.Connector.initInternal(Connector.java:980)
		... 13 more
29-Sep-2019 20:12:48.300 INFO [main] org.apache.coyote.AbstractProtocol.init Initializing ProtocolHandler ["ajp-nio-8009"]
29-Sep-2019 20:12:48.322 INFO [main] org.apache.catalina.startup.Catalina.load Server initialization in [713] milliseconds
29-Sep-2019 20:12:48.367 INFO [main] org.apache.catalina.core.StandardService.startInternal Starting service [Catalina]
29-Sep-2019 20:12:48.367 INFO [main] org.apache.catalina.core.StandardEngine.startInternal Starting Servlet engine: [Apache Tomcat/9.0.21]
29-Sep-2019 20:12:48.405 INFO [main] org.apache.catalina.startup.HostConfig.deployWAR Deploying web application archive [/root/tomcat9-docker/docker-infrastructure/docker-infrastructure/tomcat9/webapps/studentapp.war]
29-Sep-2019 20:12:48.931 INFO [main] org.apache.jasper.servlet.TldScanner.scanJars At least one JAR was scanned for TLDs yet contained no TLDs. Enable debug logging for this logger for a complete list of JARs that were scanned but no TLDs were found in them. Skipping unneeded JARs during scanning can improve startup time and JSP compilation time.
29-Sep-2019 20:12:48.987 INFO [main] org.apache.catalina.startup.HostConfig.deployWAR Deployment of web application archive [/root/tomcat9-docker/docker-infrastructure/docker-infrastructure/tomcat9/webapps/studentapp.war] has finished in [582] ms
29-Sep-2019 20:12:48.988 INFO [main] org.apache.catalina.startup.HostConfig.deployDirectory Deploying web application directory [/root/tomcat9-docker/docker-infrastructure/docker-infrastructure/tomcat9/webapps/ROOT]
29-Sep-2019 20:12:49.126 INFO [main] org.apache.jasper.servlet.TldScanner.scanJars At least one JAR was scanned for TLDs yet contained no TLDs. Enable debug logging for this logger for a complete list of JARs that were scanned but no TLDs were found in them. Skipping unneeded JARs during scanning can improve startup time and JSP compilation time.
29-Sep-2019 20:12:49.128 INFO [main] org.apache.catalina.startup.HostConfig.deployDirectory Deployment of web application directory [/root/tomcat9-docker/docker-infrastructure/docker-infrastructure/tomcat9/webapps/ROOT] has finished in [139] ms
29-Sep-2019 20:12:49.128 INFO [main] org.apache.catalina.startup.HostConfig.deployDirectory Deploying web application directory [/root/tomcat9-docker/docker-infrastructure/docker-infrastructure/tomcat9/webapps/docs]
29-Sep-2019 20:12:49.239 INFO [main] org.apache.jasper.servlet.TldScanner.scanJars At least one JAR was scanned for TLDs yet contained no TLDs. Enable debug logging for this logger for a complete list of JARs that were scanned but no TLDs were found in them. Skipping unneeded JARs during scanning can improve startup time and JSP compilation time.
29-Sep-2019 20:12:49.241 INFO [main] org.apache.catalina.startup.HostConfig.deployDirectory Deployment of web application directory [/root/tomcat9-docker/docker-infrastructure/docker-infrastructure/tomcat9/webapps/docs] has finished in [113] ms
29-Sep-2019 20:12:49.242 INFO [main] org.apache.catalina.startup.HostConfig.deployDirectory Deploying web application directory [/root/tomcat9-docker/docker-infrastructure/docker-infrastructure/tomcat9/webapps/examples]
29-Sep-2019 20:12:49.569 INFO [main] org.apache.jasper.servlet.TldScanner.scanJars At least one JAR was scanned for TLDs yet contained no TLDs. Enable debug logging for this logger for a complete list of JARs that were scanned but no TLDs were found in them. Skipping unneeded JARs during scanning can improve startup time and JSP compilation time.
29-Sep-2019 20:12:49.617 INFO [main] org.apache.catalina.startup.HostConfig.deployDirectory Deployment of web application directory [/root/tomcat9-docker/docker-infrastructure/docker-infrastructure/tomcat9/webapps/examples] has finished in [375] ms
29-Sep-2019 20:12:49.618 INFO [main] org.apache.catalina.startup.HostConfig.deployDirectory Deploying web application directory [/root/tomcat9-docker/docker-infrastructure/docker-infrastructure/tomcat9/webapps/host-manager]
29-Sep-2019 20:12:49.729 INFO [main] org.apache.jasper.servlet.TldScanner.scanJars At least one JAR was scanned for TLDs yet contained no TLDs. Enable debug logging for this logger for a complete list of JARs that were scanned but no TLDs were found in them. Skipping unneeded JARs during scanning can improve startup time and JSP compilation time.
29-Sep-2019 20:12:49.734 INFO [main] org.apache.catalina.startup.HostConfig.deployDirectory Deployment of web application directory [/root/tomcat9-docker/docker-infrastructure/docker-infrastructure/tomcat9/webapps/host-manager] has finished in [116] ms
29-Sep-2019 20:12:49.734 INFO [main] org.apache.catalina.startup.HostConfig.deployDirectory Deploying web application directory [/root/tomcat9-docker/docker-infrastructure/docker-infrastructure/tomcat9/webapps/manager]
29-Sep-2019 20:12:49.850 INFO [main] org.apache.jasper.servlet.TldScanner.scanJars At least one JAR was scanned for TLDs yet contained no TLDs. Enable debug logging for this logger for a complete list of JARs that were scanned but no TLDs were found in them. Skipping unneeded JARs during scanning can improve startup time and JSP compilation time.
29-Sep-2019 20:12:49.852 INFO [main] org.apache.catalina.startup.HostConfig.deployDirectory Deployment of web application directory [/root/tomcat9-docker/docker-infrastructure/docker-infrastructure/tomcat9/webapps/manager] has finished in [117] ms
29-Sep-2019 20:12:49.858 INFO [main] org.apache.coyote.AbstractProtocol.start Starting ProtocolHandler ["ajp-nio-8009"]
29-Sep-2019 20:12:49.873 INFO [main] org.apache.catalina.startup.Catalina.start Server startup in [1,550] milliseconds
29-Sep-2019 20:30:33.463 INFO [Thread-4] org.apache.coyote.AbstractProtocol.pause Pausing ProtocolHandler ["http-nio-8080"]
29-Sep-2019 20:30:33.464 INFO [Thread-4] org.apache.coyote.AbstractProtocol.pause Pausing ProtocolHandler ["ajp-nio-8009"]
29-Sep-2019 20:30:33.484 INFO [Thread-4] org.apache.catalina.core.StandardService.stopInternal Stopping service [Catalina]
29-Sep-2019 20:30:33.559 INFO [Thread-4] org.apache.coyote.AbstractProtocol.stop Stopping ProtocolHandler ["ajp-nio-8009"]
29-Sep-2019 20:30:33.573 INFO [Thread-4] org.apache.coyote.AbstractProtocol.stop Stopping ProtocolHandler ["http-nio-8080"]
29-Sep-2019 20:30:33.574 INFO [Thread-4] org.apache.coyote.AbstractProtocol.destroy Destroying ProtocolHandler ["http-nio-8080"]
29-Sep-2019 20:30:33.574 INFO [Thread-4] org.apache.coyote.AbstractProtocol.destroy Destroying ProtocolHandler ["ajp-nio-8009"]
