07-Sep-2019 17:49:04.104 INFO [main] org.apache.catalina.core.ApplicationContext.log ContextListener: contextInitialized()
07-Sep-2019 17:49:04.104 INFO [main] org.apache.catalina.core.ApplicationContext.log SessionListener: contextInitialized()
07-Sep-2019 17:49:04.106 INFO [main] org.apache.catalina.core.ApplicationContext.log ContextListener: attributeAdded('StockTicker', 'async.Stockticker@34f7cfd9')
07-Sep-2019 17:50:52.426 INFO [main] org.apache.catalina.core.ApplicationContext.log SessionListener: contextDestroyed()
07-Sep-2019 17:50:52.426 INFO [main] org.apache.catalina.core.ApplicationContext.log ContextListener: contextDestroyed()
07-Sep-2019 18:02:19.019 INFO [main] org.apache.catalina.core.ApplicationContext.log ContextListener: contextInitialized()
07-Sep-2019 18:02:19.019 INFO [main] org.apache.catalina.core.ApplicationContext.log SessionListener: contextInitialized()
07-Sep-2019 18:02:19.021 INFO [main] org.apache.catalina.core.ApplicationContext.log ContextListener: attributeAdded('StockTicker', 'async.Stockticker@482bce4f')
07-Sep-2019 18:04:34.914 INFO [main] org.apache.catalina.core.ApplicationContext.log SessionListener: contextDestroyed()
07-Sep-2019 18:04:34.914 INFO [main] org.apache.catalina.core.ApplicationContext.log ContextListener: contextDestroyed()
07-Sep-2019 18:07:09.478 INFO [main] org.apache.catalina.core.ApplicationContext.log ContextListener: contextInitialized()
07-Sep-2019 18:07:09.478 INFO [main] org.apache.catalina.core.ApplicationContext.log SessionListener: contextInitialized()
07-Sep-2019 18:07:09.480 INFO [main] org.apache.catalina.core.ApplicationContext.log ContextListener: attributeAdded('StockTicker', 'async.Stockticker@482bce4f')
07-Sep-2019 18:09:42.341 INFO [main] org.apache.catalina.core.ApplicationContext.log SessionListener: contextDestroyed()
07-Sep-2019 18:09:42.341 INFO [main] org.apache.catalina.core.ApplicationContext.log ContextListener: contextDestroyed()
07-Sep-2019 18:13:27.285 INFO [main] org.apache.catalina.core.ApplicationContext.log ContextListener: contextInitialized()
07-Sep-2019 18:13:27.286 INFO [main] org.apache.catalina.core.ApplicationContext.log SessionListener: contextInitialized()
07-Sep-2019 18:13:27.287 INFO [main] org.apache.catalina.core.ApplicationContext.log ContextListener: attributeAdded('StockTicker', 'async.Stockticker@865dd6')
07-Sep-2019 18:14:31.407 INFO [main] org.apache.catalina.core.ApplicationContext.log SessionListener: contextDestroyed()
07-Sep-2019 18:14:31.407 INFO [main] org.apache.catalina.core.ApplicationContext.log ContextListener: contextDestroyed()
07-Sep-2019 18:15:16.042 INFO [main] org.apache.catalina.core.ApplicationContext.log ContextListener: contextInitialized()
07-Sep-2019 18:15:16.042 INFO [main] org.apache.catalina.core.ApplicationContext.log SessionListener: contextInitialized()
07-Sep-2019 18:15:16.044 INFO [main] org.apache.catalina.core.ApplicationContext.log ContextListener: attributeAdded('StockTicker', 'async.Stockticker@1649b0e6')
07-Sep-2019 19:40:03.056 INFO [main] org.apache.catalina.core.ApplicationContext.log SessionListener: contextDestroyed()
07-Sep-2019 19:40:03.056 INFO [main] org.apache.catalina.core.ApplicationContext.log ContextListener: contextDestroyed()
